[debug] [2024-07-11T10:47:50.124Z] ----------------------------------------------------------------------
[debug] [2024-07-11T10:47:50.127Z] Command:       C:\Program Files\nodejs\node.exe C:\Users\ayusz\AppData\Roaming\npm\node_modules\firebase-tools\lib\bin\firebase.js deploy --project ayus7762port42
[debug] [2024-07-11T10:47:50.127Z] CLI Version:   13.13.1
[debug] [2024-07-11T10:47:50.128Z] Platform:      win32
[debug] [2024-07-11T10:47:50.128Z] Node Version:  v18.18.2
[debug] [2024-07-11T10:47:50.128Z] Time:          Thu Jul 11 2024 16:17:50 GMT+0530 (India Standard Time)
[debug] [2024-07-11T10:47:50.129Z] ----------------------------------------------------------------------
[debug] 
[debug] [2024-07-11T10:47:50.218Z] > command requires scopes: ["email","openid","https://www.googleapis.com/auth/cloudplatformprojects.readonly","https://www.googleapis.com/auth/firebase","https://www.googleapis.com/auth/cloud-platform"]
[debug] [2024-07-11T10:47:50.218Z] > authorizing via signed-in user (ayuszqw18@gmail.com)
[debug] [2024-07-11T10:47:50.218Z] [iam] checking project ayus7762port42 for permissions ["firebase.projects.get","firebasehosting.sites.update"]
[debug] [2024-07-11T10:47:50.221Z] >>> [apiv2][query] POST https://cloudresourcemanager.googleapis.com/v1/projects/ayus7762port42:testIamPermissions [none]
[debug] [2024-07-11T10:47:50.221Z] >>> [apiv2][(partial)header] POST https://cloudresourcemanager.googleapis.com/v1/projects/ayus7762port42:testIamPermissions x-goog-quota-user=projects/ayus7762port42
[debug] [2024-07-11T10:47:50.221Z] >>> [apiv2][body] POST https://cloudresourcemanager.googleapis.com/v1/projects/ayus7762port42:testIamPermissions {"permissions":["firebase.projects.get","firebasehosting.sites.update"]}
[debug] [2024-07-11T10:47:52.039Z] <<< [apiv2][status] POST https://cloudresourcemanager.googleapis.com/v1/projects/ayus7762port42:testIamPermissions 200
[debug] [2024-07-11T10:47:52.040Z] <<< [apiv2][body] POST https://cloudresourcemanager.googleapis.com/v1/projects/ayus7762port42:testIamPermissions {}
[debug] [2024-07-11T10:47:52.040Z] [iam] error while checking permissions, command may fail: FirebaseError: Authorization failed. This account is missing the following required permissions on project ayus7762port42:

  firebase.projects.get
  firebasehosting.sites.update
[debug] [2024-07-11T10:47:52.043Z] >>> [apiv2][query] GET https://firebase.googleapis.com/v1beta1/projects/ayus7762port42 [none]
[debug] [2024-07-11T10:47:52.954Z] <<< [apiv2][status] GET https://firebase.googleapis.com/v1beta1/projects/ayus7762port42 403
[debug] [2024-07-11T10:47:52.954Z] <<< [apiv2][body] GET https://firebase.googleapis.com/v1beta1/projects/ayus7762port42 {"error":{"code":403,"message":"The caller does not have permission","status":"PERMISSION_DENIED"}}
[debug] [2024-07-11T10:47:52.956Z] HTTP Error: 403, The caller does not have permission
[error] 
[error] Error: Assertion failed: resolving hosting target of a site with no site name or target name. This should have caused an error earlier
